                Step[ FC]     Time          Energy          fmax
*Force-consistent energies used in optimization.
BFGSLineSearch:    0[  0] 03:22:50  -125412.309883*       1.2358
BFGSLineSearch:    1[  2] 04:11:59  -125412.350260*       0.2750
BFGSLineSearch:    2[  3] 04:29:16  -125412.364318*       0.1267
BFGSLineSearch:    3[  7] 05:42:01  -125412.401862*       0.3207
BFGSLineSearch:    4[  9] 06:24:28  -125412.417425*       0.6211
BFGSLineSearch:    5[ 12] 07:26:26  -125412.459697*       0.9992
BFGSLineSearch:    6[ 14] 08:09:03  -125412.575644*       0.5153
BFGSLineSearch:    7[ 15] 08:28:18  -125412.650798*       0.4429
BFGSLineSearch:    8[ 17] 09:13:26  -125412.687540*       0.4161
BFGSLineSearch:    9[ 18] 09:39:56  -125412.731842*       0.3516
BFGSLineSearch:   10[ 21] 10:39:24  -125412.790049*       0.7194
BFGSLineSearch:   11[ 22] 10:57:58  -125412.829345*       0.2104
BFGSLineSearch:   12[ 25] 11:59:44  -125412.851274*       0.1515
BFGSLineSearch:   13[ 27] 12:29:40  -125412.864877*       0.1501
BFGSLineSearch:   14[ 29] 12:57:24  -125412.872871*       0.1330
BFGSLineSearch:   15[ 32] 13:47:49  -125412.880124*       0.1418
BFGSLineSearch:   16[ 34] 14:17:52  -125412.885694*       0.1033
BFGSLineSearch:   17[ 37] 15:13:09  -125412.890632*       0.0618
BFGSLineSearch:   18[ 40] 15:57:42  -125412.894797*       0.1432
BFGSLineSearch:   19[ 43] 16:47:51  -125412.901233*       0.1286
BFGSLineSearch:   20[ 44] 17:03:54  -125412.906233*       0.1348
BFGSLineSearch:   21[ 47] 18:00:49  -125412.912259*       0.1471
BFGSLineSearch:   22[ 48] 18:15:11  -125412.914795*       0.1437
BFGSLineSearch:   23[ 49] 18:29:56  -125412.919195*       0.0906
BFGSLineSearch:   24[ 51] 19:01:35  -125412.922175*       0.1548
BFGSLineSearch:   25[ 54] 19:54:00  -125412.932262*       0.2594
BFGSLineSearch:   26[ 55] 20:13:43  -125412.944028*       0.1283
BFGSLineSearch:   27[ 58] 21:24:40  -125412.968708*       0.4329
BFGSLineSearch:   28[ 64] 23:24:37  -125413.116167*       0.5972
BFGSLineSearch:   29[ 66] 00:07:34  -125413.120047*       0.5675
BFGSLineSearch:   30[ 67] 00:29:34  -125413.247139*       0.4948
BFGSLineSearch:   31[ 69] 01:20:35  -125413.316852*       0.4732
BFGSLineSearch:   32[ 70] 01:39:00  -125413.355773*       0.2736
BFGSLineSearch:   33[ 72] 02:25:30  -125413.366610*       0.2241
BFGSLineSearch:   34[ 73] 02:42:31  -125413.383054*       0.2364
BFGSLineSearch:   35[ 74] 03:00:01  -125413.394401*       0.2091
BFGSLineSearch:   36[ 75] 03:16:51  -125413.401964*       0.1517
BFGSLineSearch:   37[ 78] 04:09:49  -125413.408221*       0.0946
BFGSLineSearch:   38[ 81] 05:08:19  -125413.415474*       0.1119
BFGSLineSearch:   39[ 83] 05:38:58  -125413.422040*       0.2041
BFGSLineSearch:   40[ 85] 06:07:53  -125413.430796*       0.1085
BFGSLineSearch:   41[ 88] 06:57:14  -125413.438923*       0.0946
BFGSLineSearch:   42[ 91] 07:44:10  -125413.445477*       0.0967
BFGSLineSearch:   43[ 94] 08:30:51  -125413.454096*       0.0884
BFGSLineSearch:   44[ 97] 09:30:39  -125413.466213*       0.1182
BFGSLineSearch:   45[100] 10:33:01  -125413.474194*       0.0911
BFGSLineSearch:   46[101] 10:48:29  -125413.478751*       0.0695
BFGSLineSearch:   47[103] 11:17:52  -125413.480880*       0.0682
BFGSLineSearch:   48[104] 11:31:52  -125413.484253*       0.0543
BFGSLineSearch:   49[105] 11:47:29  -125413.486702*       0.0568
BFGSLineSearch:   50[106] 12:01:20  -125413.488209*       0.0376
